
[RUN] (cwd=/mnt/data/chenyiteng_datas/AML/AML_draft_impl)
  bash collect_data__r20251230_141520.sh beat_block_hammer smoke_act__r20251230_141520 0
[32mRender Well[0m
============= Config =============

[95mMessy Table:[0m False
[95mRandom Background:[0m False
[95mRandom Light:[0m True
 - Crazy Random Light Rate: 0
[95mRandom Table Height:[0m 0
[95mRandom Head Camera Distance:[0m 0
[94mHead Camera Config:[0m D435, True
[94mWrist Camera Config:[0m D435, True
[94mEmbodiment Config:[0m aloha-agilex

==================================
Task Name: [34mbeat_block_hammer[0m
[93m[Start Seed and Pre Motion Data Collection][0m
 -------------
simulate data episode 0 fail! (seed = 0)
Error:  [Errno 2] No such file or directory: '/mnt/data/chenyiteng_datas/AML/AML_draft_impl/./assets/embodiments/aloha-agilex/curobo_left.yml'
 -------------
 -------------
simulate data episode 0 fail! (seed = 1)
Error:  'Robot' object has no attribute 'left_planner'
 -------------
 -------------
simulate data episode 0 fail! (seed = 2)
Error:  'Robot' object has no attribute 'left_planner'
 -------------
 -------------
simulate data episode 0 fail! (seed = 3)
Error:  'Robot' object has no attribute 'left_planner'
 -------------
 -------------
simulate data episode 0 fail! (seed = 4)
Error:  'Robot' object has no attribute 'left_planner'
 -------------
 -------------
simulate data episode 0 fail! (seed = 5)
Error:  'Robot' object has no attribute 'left_planner'
 -------------
 -------------
simulate data episode 0 fail! (seed = 6)
Error:  'Robot' object has no attribute 'left_planner'
 -------------
 -------------
simulate data episode 0 fail! (seed = 7)
Error:  'Robot' object has no attribute 'left_planner'
 -------------
 -------------
simulate data episode 0 fail! (seed = 8)
Error:  'Robot' object has no attribute 'left_planner'
 -------------
 -------------
simulate data episode 0 fail! (seed = 9)
Error:  'Robot' object has no attribute 'left_planner'
 -------------
 -------------
simulate data episode 0 fail! (seed = 10)
Error:  'Robot' object has no attribute 'left_planner'
 -------------
 -------------
simulate data episode 0 fail! (seed = 11)
Error:  'Robot' object has no attribute 'left_planner'
 -------------
 -------------
simulate data episode 0 fail! (seed = 12)
Error:  'Robot' object has no attribute 'left_planner'
 -------------
 -------------
simulate data episode 0 fail! (seed = 13)
Error:  'Robot' object has no attribute 'left_planner'
 -------------
 -------------
simulate data episode 0 fail! (seed = 14)
Error:  'Robot' object has no attribute 'left_planner'
 -------------
 -------------
simulate data episode 0 fail! (seed = 15)
Error:  'Robot' object has no attribute 'left_planner'
 -------------
 -------------
simulate data episode 0 fail! (seed = 16)
Error:  'Robot' object has no attribute 'left_planner'
 -------------
 -------------
simulate data episode 0 fail! (seed = 17)
Error:  'Robot' object has no attribute 'left_planner'
 -------------
 -------------
simulate data episode 0 fail! (seed = 18)
Error:  'Robot' object has no attribute 'left_planner'
 -------------
 -------------
simulate data episode 0 fail! (seed = 19)
Error:  'Robot' object has no attribute 'left_planner'
 -------------
 -------------
simulate data episode 0 fail! (seed = 20)
Error:  'Robot' object has no attribute 'left_planner'
 -------------
 -------------
simulate data episode 0 fail! (seed = 21)
Error:  'Robot' object has no attribute 'left_planner'
 -------------
 -------------
simulate data episode 0 fail! (seed = 22)
Error:  'Robot' object has no attribute 'left_planner'
 -------------
 -------------
simulate data episode 0 fail! (seed = 23)
Error:  'Robot' object has no attribute 'left_planner'
 -------------
 -------------
simulate data episode 0 fail! (seed = 24)
Error:  'Robot' object has no attribute 'left_planner'
 -------------
 -------------
simulate data episode 0 fail! (seed = 25)
Error:  'Robot' object has no attribute 'left_planner'
 -------------
 -------------
simulate data episode 0 fail! (seed = 26)
Error:  'Robot' object has no attribute 'left_planner'
 -------------
 -------------
simulate data episode 0 fail! (seed = 27)
Error:  'Robot' object has no attribute 'left_planner'
 -------------
 -------------
simulate data episode 0 fail! (seed = 28)
Error:  'Robot' object has no attribute 'left_planner'
 -------------
 -------------
simulate data episode 0 fail! (seed = 29)
Error:  'Robot' object has no attribute 'left_planner'
 -------------
 -------------
simulate data episode 0 fail! (seed = 30)
Error:  'Robot' object has no attribute 'left_planner'
 -------------
 -------------
simulate data episode 0 fail! (seed = 31)
Error:  'Robot' object has no attribute 'left_planner'
 -------------
 -------------
simulate data episode 0 fail! (seed = 32)
Error:  'Robot' object has no attribute 'left_planner'
 -------------
 -------------
simulate data episode 0 fail! (seed = 33)
Error:  'Robot' object has no attribute 'left_planner'
 -------------
 -------------
simulate data episode 0 fail! (seed = 34)
Error:  'Robot' object has no attribute 'left_planner'
 -------------
 -------------
simulate data episode 0 fail! (seed = 35)
Error:  'Robot' object has no attribute 'left_planner'
 -------------
 -------------
simulate data episode 0 fail! (seed = 36)
Error:  'Robot' object has no attribute 'left_planner'
 -------------
 -------------
simulate data episode 0 fail! (seed = 37)
Error:  'Robot' object has no attribute 'left_planner'
 -------------
 -------------
simulate data episode 0 fail! (seed = 38)
Error:  'Robot' object has no attribute 'left_planner'
 -------------
 -------------
simulate data episode 0 fail! (seed = 39)
Error:  'Robot' object has no attribute 'left_planner'
 -------------
 -------------
simulate data episode 0 fail! (seed = 40)
Error:  'Robot' object has no attribute 'left_planner'
 -------------
 -------------
simulate data episode 0 fail! (seed = 41)
Error:  'Robot' object has no attribute 'left_planner'
 -------------
 -------------
simulate data episode 0 fail! (seed = 42)
Error:  'Robot' object has no attribute 'left_planner'
 -------------
 -------------
simulate data episode 0 fail! (seed = 43)
Error:  'Robot' object has no attribute 'left_planner'
 -------------
 -------------
simulate data episode 0 fail! (seed = 44)
Error:  'Robot' object has no attribute 'left_planner'
 -------------
 -------------
simulate data episode 0 fail! (seed = 45)
Error:  'Robot' object has no attribute 'left_planner'
 -------------
 -------------
simulate data episode 0 fail! (seed = 46)
Error:  'Robot' object has no attribute 'left_planner'
 -------------
 -------------
simulate data episode 0 fail! (seed = 47)
Error:  'Robot' object has no attribute 'left_planner'
 -------------
 -------------
simulate data episode 0 fail! (seed = 48)
Error:  'Robot' object has no attribute 'left_planner'
 -------------
 -------------
simulate data episode 0 fail! (seed = 49)
Error:  'Robot' object has no attribute 'left_planner'
 -------------
 -------------
simulate data episode 0 fail! (seed = 50)
Error:  'Robot' object has no attribute 'left_planner'
 -------------
 -------------
simulate data episode 0 fail! (seed = 51)
Error:  'Robot' object has no attribute 'left_planner'
 -------------
 -------------
simulate data episode 0 fail! (seed = 52)
Error:  'Robot' object has no attribute 'left_planner'
 -------------
 -------------
simulate data episode 0 fail! (seed = 53)
Error:  'Robot' object has no attribute 'left_planner'
 -------------
 -------------
simulate data episode 0 fail! (seed = 54)
Error:  'Robot' object has no attribute 'left_planner'
 -------------
 -------------
simulate data episode 0 fail! (seed = 55)
Error:  'Robot' object has no attribute 'left_planner'
 -------------
 -------------
simulate data episode 0 fail! (seed = 56)
Error:  'Robot' object has no attribute 'left_planner'
 -------------
 -------------
simulate data episode 0 fail! (seed = 57)
Error:  'Robot' object has no attribute 'left_planner'
 -------------
 -------------
simulate data episode 0 fail! (seed = 58)
Error:  'Robot' object has no attribute 'left_planner'
 -------------
 -------------
simulate data episode 0 fail! (seed = 59)
Error:  'Robot' object has no attribute 'left_planner'
 -------------
 -------------
simulate data episode 0 fail! (seed = 60)
Error:  'Robot' object has no attribute 'left_planner'
 -------------
 -------------
simulate data episode 0 fail! (seed = 61)
Error:  'Robot' object has no attribute 'left_planner'
 -------------
 -------------
simulate data episode 0 fail! (seed = 62)
Error:  'Robot' object has no attribute 'left_planner'
 -------------
 -------------
simulate data episode 0 fail! (seed = 63)
Error:  'Robot' object has no attribute 'left_planner'
 -------------
 -------------
simulate data episode 0 fail! (seed = 64)
Error:  'Robot' object has no attribute 'left_planner'
 -------------
 -------------
simulate data episode 0 fail! (seed = 65)
Error:  'Robot' object has no attribute 'left_planner'
 -------------
 -------------
simulate data episode 0 fail! (seed = 66)
Error:  'Robot' object has no attribute 'left_planner'
 -------------
 -------------
simulate data episode 0 fail! (seed = 67)
Error:  'Robot' object has no attribute 'left_planner'
 -------------
 -------------
simulate data episode 0 fail! (seed = 68)
Error:  'Robot' object has no attribute 'left_planner'
 -------------
 -------------
simulate data episode 0 fail! (seed = 69)
Error:  'Robot' object has no attribute 'left_planner'
 -------------
 -------------
simulate data episode 0 fail! (seed = 70)
Error:  'Robot' object has no attribute 'left_planner'
 -------------
 -------------
simulate data episode 0 fail! (seed = 71)
Error:  'Robot' object has no attribute 'left_planner'
 -------------
 -------------
simulate data episode 0 fail! (seed = 72)
Error:  'Robot' object has no attribute 'left_planner'
 -------------
 -------------
simulate data episode 0 fail! (seed = 73)
Error:  'Robot' object has no attribute 'left_planner'
 -------------
 -------------
simulate data episode 0 fail! (seed = 74)
Error:  'Robot' object has no attribute 'left_planner'
 -------------
 -------------
simulate data episode 0 fail! (seed = 75)
Error:  'Robot' object has no attribute 'left_planner'
 -------------
 -------------
simulate data episode 0 fail! (seed = 76)
Error:  'Robot' object has no attribute 'left_planner'
 -------------
 -------------
simulate data episode 0 fail! (seed = 77)
Error:  'Robot' object has no attribute 'left_planner'
 -------------
 -------------
simulate data episode 0 fail! (seed = 78)
Error:  'Robot' object has no attribute 'left_planner'
 -------------
 -------------
simulate data episode 0 fail! (seed = 79)
Error:  'Robot' object has no attribute 'left_planner'
 -------------
 -------------
simulate data episode 0 fail! (seed = 80)
Error:  'Robot' object has no attribute 'left_planner'
 -------------
 -------------
simulate data episode 0 fail! (seed = 81)
Error:  'Robot' object has no attribute 'left_planner'
 -------------
 -------------
simulate data episode 0 fail! (seed = 82)
Error:  'Robot' object has no attribute 'left_planner'
 -------------
 -------------
simulate data episode 0 fail! (seed = 83)
Error:  'Robot' object has no attribute 'left_planner'
 -------------
 -------------
simulate data episode 0 fail! (seed = 84)
Error:  'Robot' object has no attribute 'left_planner'
 -------------
 -------------
simulate data episode 0 fail! (seed = 85)
Error:  'Robot' object has no attribute 'left_planner'
 -------------
 -------------
simulate data episode 0 fail! (seed = 86)
Error:  'Robot' object has no attribute 'left_planner'
 -------------
 -------------
simulate data episode 0 fail! (seed = 87)
Error:  'Robot' object has no attribute 'left_planner'
 -------------
 -------------
simulate data episode 0 fail! (seed = 88)
Error:  'Robot' object has no attribute 'left_planner'
 -------------
 -------------
simulate data episode 0 fail! (seed = 89)
Error:  'Robot' object has no attribute 'left_planner'
 -------------
 -------------
simulate data episode 0 fail! (seed = 90)
Error:  'Robot' object has no attribute 'left_planner'
 -------------
 -------------
simulate data episode 0 fail! (seed = 91)
Error:  'Robot' object has no attribute 'left_planner'
 -------------
 -------------
simulate data episode 0 fail! (seed = 92)
Error:  'Robot' object has no attribute 'left_planner'
 -------------
 -------------
simulate data episode 0 fail! (seed = 93)
Error:  'Robot' object has no attribute 'left_planner'
 -------------
 -------------
simulate data episode 0 fail! (seed = 94)
Error:  'Robot' object has no attribute 'left_planner'
 -------------
 -------------
simulate data episode 0 fail! (seed = 95)
Error:  'Robot' object has no attribute 'left_planner'
 -------------
 -------------
simulate data episode 0 fail! (seed = 96)
Error:  'Robot' object has no attribute 'left_planner'
 -------------
 -------------
simulate data episode 0 fail! (seed = 97)
Error:  'Robot' object has no attribute 'left_planner'
 -------------
 -------------
simulate data episode 0 fail! (seed = 98)
Error:  'Robot' object has no attribute 'left_planner'
 -------------
 -------------
simulate data episode 0 fail! (seed = 99)
Error:  'Robot' object has no attribute 'left_planner'
 -------------
 -------------
simulate data episode 0 fail! (seed = 100)
Error:  'Robot' object has no attribute 'left_planner'
 -------------
 -------------
simulate data episode 0 fail! (seed = 101)
Error:  'Robot' object has no attribute 'left_planner'
 -------------
 -------------
simulate data episode 0 fail! (seed = 102)
Error:  'Robot' object has no attribute 'left_planner'
 -------------
 -------------
simulate data episode 0 fail! (seed = 103)
Error:  'Robot' object has no attribute 'left_planner'
 -------------
 -------------
simulate data episode 0 fail! (seed = 104)
Error:  'Robot' object has no attribute 'left_planner'
 -------------
 -------------
simulate data episode 0 fail! (seed = 105)
Error:  'Robot' object has no attribute 'left_planner'
 -------------
 -------------
simulate data episode 0 fail! (seed = 106)
Error:  'Robot' object has no attribute 'left_planner'
 -------------
 -------------
simulate data episode 0 fail! (seed = 107)
Error:  'Robot' object has no attribute 'left_planner'
 -------------
 -------------
simulate data episode 0 fail! (seed = 108)
Error:  'Robot' object has no attribute 'left_planner'
 -------------
 -------------
simulate data episode 0 fail! (seed = 109)
Error:  'Robot' object has no attribute 'left_planner'
 -------------
 -------------
simulate data episode 0 fail! (seed = 110)
Error:  'Robot' object has no attribute 'left_planner'
 -------------
 -------------
simulate data episode 0 fail! (seed = 111)
Error:  'Robot' object has no attribute 'left_planner'
 -------------
 -------------
simulate data episode 0 fail! (seed = 112)
Error:  'Robot' object has no attribute 'left_planner'
 -------------
 -------------
simulate data episode 0 fail! (seed = 113)
Error:  'Robot' object has no attribute 'left_planner'
 -------------
 -------------
simulate data episode 0 fail! (seed = 114)
Error:  'Robot' object has no attribute 'left_planner'
 -------------
 -------------
simulate data episode 0 fail! (seed = 115)
Error:  'Robot' object has no attribute 'left_planner'
 -------------
 -------------
simulate data episode 0 fail! (seed = 116)
Error:  'Robot' object has no attribute 'left_planner'
 -------------
 -------------
simulate data episode 0 fail! (seed = 117)
Error:  'Robot' object has no attribute 'left_planner'
 -------------
 -------------
simulate data episode 0 fail! (seed = 118)
Error:  'Robot' object has no attribute 'left_planner'
 -------------
 -------------
simulate data episode 0 fail! (seed = 119)
Error:  'Robot' object has no attribute 'left_planner'
 -------------
 -------------
simulate data episode 0 fail! (seed = 120)
Error:  'Robot' object has no attribute 'left_planner'
 -------------
 -------------
simulate data episode 0 fail! (seed = 121)
Error:  'Robot' object has no attribute 'left_planner'
 -------------
 -------------
simulate data episode 0 fail! (seed = 122)
Error:  'Robot' object has no attribute 'left_planner'
 -------------
 -------------
simulate data episode 0 fail! (seed = 123)
Error:  'Robot' object has no attribute 'left_planner'
 -------------
 -------------
simulate data episode 0 fail! (seed = 124)
Error:  'Robot' object has no attribute 'left_planner'
 -------------
 -------------
simulate data episode 0 fail! (seed = 125)
Error:  'Robot' object has no attribute 'left_planner'
 -------------
 -------------
simulate data episode 0 fail! (seed = 126)
Error:  'Robot' object has no attribute 'left_planner'
 -------------
